<?xml version="1.0" encoding="UTF-8"?>
<testsuite xmlns:xsi="http://www.w3.org/2001/XMLSchema-instance" xsi:noNamespaceSchemaLocation="https://maven.apache.org/surefire/maven-surefire-plugin/xsd/surefire-test-report-3.0.xsd" version="3.0" name="com.testRunner.FailedTestRunner" time="0" tests="1" errors="1" skipped="0" failures="0">
  <properties>
[...]
</properties>
  <testcase name="initializationError" classname="com.testRunner.FailedTestRunner" time="0">
    <error message="Failed to parse &apos;target\rerun.txt&apos;" type="io.cucumber.core.exception.CucumberException"><![CDATA[io.cucumber.core.exception.CucumberException: Failed to parse 'target\rerun.txt'
Caused by: java.nio.file.NoSuchFileException: target\rerun.txt
]]></error>
    <system-out><![CDATA[Nov 17, 2022 9:50:15 AM io.cucumber.junit.Cucumber <init>
WARNING: By default Cucumber is running in --non-strict mode.
This default will change to --strict and --non-strict will be removed.
You can use --strict or @CucumberOptions(strict = true) to suppress this warning



&amp#27;[31mFailed scenarios:&amp#27;[0m

&amp#27;[31mfile:///C:/Users/Damla/Desktop/projectswindows/testing/cybertek/neurallabs/src/test/resources/features/generalconfig.feature:258&amp#27;[0m
# Validate functionality of export data base button



1
 Scenarios (
&amp#27;[31m1 failed&amp#27;[0m
)

4
 Steps (
&amp#27;[36m4 skipped&amp#27;[0m
)

0m
0.230s





java.lang.NullPointerException: Cannot invoke "java.util.Properties.getProperty(String)" because "com.utilities.ConfigurationReader.properties" is null

	at com.utilities.ConfigurationReader.get(ConfigurationReader.java:28)

	at com.uiPages.Base.clearCookies(Base.java:18)

	at com.stepDefinitions.Hooks.setUp(Hooks.java:20)



java.lang.NullPointerException: Cannot invoke "java.util.Properties.getProperty(String)" because "com.utilities.ConfigurationReader.properties" is null

	at com.utilities.ConfigurationReader.get(ConfigurationReader.java:28)

	at com.utilities.Driver.get(Driver.java:29)

	at com.stepDefinitions.Hooks.tearDown(Hooks.java:35)





]]></system-out>
  </testcase>
</testsuite>